<?xml version="1.0" encoding="UTF-8"?>
<!-- Generated by org.testng.reporters.JUnitXMLReporter -->
<testsuite hostname="JaTiNdEr" ignored="0" name="Test2" tests="3" failures="0" timestamp="19 Jun 2019 20:48:25 GMT" time="12.303" errors="0">
  <testcase name="test1" time="4.333" classname="Utils.dataProviderTest"/>
  <testcase name="test1" time="3.373" classname="Utils.dataProviderTest"/>
  <testcase name="test1" time="3.487" classname="Utils.dataProviderTest"/>
</testsuite> <!-- Test2 -->
